cobrir	O sistema de saúde (público e privado) cobre apenas 18% de uma população de 36 milhões de pessoas .
cobrir#	Na próxima segunda-feira , dia 6, o PCP promove na Assembleia da República (Sala do Senado) , uma audição com organizações representativas dos trabalhadores e outras estruturas sociais cobre o sector público , os serviços públicos e as consequências económicas das privatizações .
cobrir	realização de debates cobre os 18 anos de vida da JCP .
cobrir	Um problema particularmente premente pois este é ' o único sector do sistema de ensino que cobre a totalidade do país , abrangendo regiões onde os fenómenos de interioridade mais se fazem sentir ' .
cobrir	O saneamento básico , com uma taxa de cobertura que não chega aos 25% , surge em primeiro lugar , seguindo-se-lhe o abastecimento de água da rede pública , que apenas cobre 45 a 50% das freguesias e é de má qualidade , servindo , se não for fervida , apenas para lavagem de roupas e outros usos domésticos .
n-é-verbo	Optec de Viana do Castelo As bizarrias de Shimotori Os trabalhadores da Optec , empresa de capitais japoneses que fabrica cobre esmaltado em Viana do Castelo , são muitas vezes obrigados a fazer continência ao director de produção , de apelido .
cobrir	O novo percurso , que cobre a Lisboa monumental , terá partida na Praça do Comércio e meta instalada na Praça do Município , passando sucessivamente .
cobrir	Revelou então a existência de uma garantia bancária de 2,2 milhões de contos , o que cobre cerca de metade dos benefícios dados à empresa , e que estava disposto a reclamar a devolução .
cobrir	O salário mínimo , equivalente a l75 dólares , cobre somente 4 5% das necessidades da alimentação de uma família de quatro pessoas .
cobrir	A contestação e o protesto foram a sequência lógica da indignação que causou « esta proposta ridícula , destituída de qualquer fundamento » e que nem sequer cobre a inflação prevista pelo Governo .
cobrir	Domingos Lopes Nas malhas da repressão Nas malhas da repressão Por Urbano Tavares Rodrigues Um manto de amargura cobre o País Basco desde a estrondosa operação de vingança política levada a cabo pelo juiz Baltazar Garzón e pelas suas .
cobrar	traduzido para português pela Fundação Damião de Gois , pode ler-se na introdução : « calcula-se que , após as nacionalizações , o sector público da economia cobre 25% do valor bruto acrescentado , 24% do emprego e 45% do investimento .
cobrir	Defender a « restituição ao povo cabindense » dos seus « direitos » , na base do « oferecimento à humanidade » dos recursos naturais do território e tendo o Vaticano por intermediário é de um tal grotesco , que cobre de ridículo já não o pateta que fala , mas quem o ouve e divulga .
cobrir	E a partir de então , recobrada que foi a tranquilidade , já só houve uma equipa válida e válida ainda que só sob uma determinada perspectiva cobre o terreno e essa equipa foi , claro está , o Belenenses .
cobrir	O remate pertenceu a Manuelito e foi repelido por Madeira já cobre o risco da baliza .
cobrir	Em poucas palavras : num América a ausência de um efetivo , como Mundinho , que cobre com a experiência e com a energia toda a pequena area , o ajuste dificilmente poderá ser encontrado na menor categoria do suplente , por mais enérgico e por mais voluntarioso que seja esse suplente .
cobrir?	cobre o arqueiro do Tupi , marcando aos 40 minutos , o segundo goal para as suas cores .
cobrir	Chico compreende a manobra e cobre o centro .
cobrir	Sua entrada foi ao mesmo tempo no sentido de explorar o seu poder de chute e para atender a conclusão de Zagalo de que é impossível tirar Clodoaldo , o único realmente que cobre a zaga todo o tempo .
cobrir	A tira que cobre o peito do pé é entretelada com material bem firme , costurada no sentido do comprimento e virada .
cobrir#	A tira que que cobre o peito do pé é cortada 2 vezes ; ela mede 28 cm de comprimento .
cobrir	A tira que cobre o peito do pé leva entretela bem firme e forrada ; costure-a no sentido do comprimento .
cobrir	Ele deve ser como este modelo da Lumière : cobre apenas o busto e deixa a parte lateral (abaixo das axilas) completamente nua .
cobrir	A neve ainda cobre tudo lá fora , mas os costureiros e chapeleiros já desabrocharam suas criações coloridas e -- por que não ?
cobrir	Para compor o short e evitar alguns arrepios , a meia opaca cobre a pele , entre sapatos de verniz , camurça ou botas .
cobrir	Assim como o modelo do casaco , que cobre os quadris e tem costuras longas que afinam o corpo .
cobrir	A calça cobre toda a barriga : modelo ideal para ser feito de malha .
cobrir	A gola cobre o cabelo .
cobrir	Os chapéus da estação são pequenos , mas , embora pequenos , chegam à testa por meio de gracioso movimento que cobre dum lado , deixando o outro a descoberto .
cobrir	Mas , bem entendido , não se trata da assimetria corrente , simplista , burguesa dos anos precedentes : uma algibeira aqui , outra acolá ou um virado que quem , cobre o busto .
cobrir	Trata-se , sim , de uma assimetria caprichosa , de estrutura essencialmente nova que nos dá -- entre mil exemplos -- uma gola cortada em folha de lotus que sobe , cobre a orelha direita e vai fechar-se sobre o ombro esquerdo (Jean Lafaurie) ; ou ainda a aba de um casaquinho « duas peças » que cai de forma a cobrir a anca de um lado enquanto do outro lado se apresenta dobrada e curta .
cobrir	O gorro Que cobre um pouco as orelhas é de feltro azul-marinho .
cobrir	Pele , num dos tons da fantasia do tecido , remata as mangas e cobre a pequena gola de bicos .
cobrir	Se se retiram tais escamas e se faz ligeira pressão , surge um fundo vermelhaço que logo se cobre de um líquido seroso , que coagula dentro de pouco formando novas escamas .
n-é-verbo	Mais tarde , pela sua riqueza em ferro , cobre , vitaminas , certos ácidos aminados , o fígado deverá ser introduzido no regime ; como o estado de cru é o que melhor se presta para os efeitos terapêuticos , caberá à arte culinária apresentá-lo sob forma aceitável para a criança .
cobrir	Segundo Tapia , procede-se do seguinte modo : depois de desinfectada com álcool a pele da face anterior do antebraço , fazem-se duas escarificações lineares , sem que se atinja a derme , ; uma servirá de controle ; sobre a outra deposita-se uma gota de Tuberculina Antiga de Kock , sem diluição , que se cobre depois de seca .
cobrir	Segundo Tapia , procede-se do seguinte modo : depois de desinfectada com álcool a pele da face anterior do antebraço , fazem-se duas escarificações lineares , sem que se atinja a derme ; uma servirá de controle ; sobre a outra deposita-se uma gota de Tuberculina Antiga de Kock , sem diluição , que se cobre depois de seca .
cobrir	Também chamada de heptavalente , por ser constituída por sete dos principais pneumococos , e que , segundo se crê , cobre de 70% dos pneumococos causadores de doença no nosso País .
n-é-verbo	Procedendo assim , não teremos a recear avitaminose Pp , pois os alimentos crus nos darão oligoelementos bastantes (cobre cobalto , ferro , manganês , níquel) que permitirão que esta vitamina actue eficazmente , e porque a alimentação variada (amendoins , trigo integral , couves , leve dura , milho miúdo , azeitonas pretas , arroz integral , gergelim , tupinambo , etc .) a fornece ao organismo em quantidade normal nos seus complexos naturais , que a tornam assimilável para um bom rendimento .
cobrir	A úlcera gástrica mais comum fica na « pequena curvatura » ou seja , segundo a nossa comparação , na parte da meia que cobre a « barriga » do pé .
cobrir	Verdadeiramente só o homem cobre ou descobre o seu corpo conforme desce ou sobe a temperatura ambiente e as estações do ano se transmutam .
cobrir	E não só se cobre e se descobre , como recebe em todo o seu organismo a acção influente da estação do ano que atravessa , com particular interferência das épocas extremas do frio e do calor .
cobrir	A vacina cobre cerca de 71 a 86% dos serogrupos conhecidos por causar doenças pneumocócicas invasivas nas crianças com menos de dois anos de idade .
cobrir	O número de manchas é muito variável : desde umas quantas , num só lugar , até uma lesão que cobre quase toda a pele do corpo .
cobrir	Normalmente , a doença está localizada nas gengivas , no ligamento periodontal , no cimento que cobre a superfície radicular do dente e no osso alveolar , que é o que forma e dá estrutura aos alvéolos dentários .
cobrir	O rim é fendido cirurgicamente para enriquecer o volume do sangue pela acção de uma fusão , canalizando-se para dentro do rim reduzido , um pouco da gordura que cobre as vísceras do abdómen .
cobrir	Crêem muitas pessoas que a catarata é qualquer crescimento que cobre , exteriormente , o órgão de vista e facilmente visível a olho nu , mas não é assim , porque uma verdadeira catarata está situada no interior do globo ocular e não pode observar-se , na maior parte das vezes , sem o auxílio de instrumentos especiais .
cobrir	Dispara daí uma ordem para a pálpebra superior que faz com que as pestanas desçam , à maneira de leque , formando um pequenino pé-de-vento para soprar o pó para fora , enquanto a pálpebra cobre o globo ocular .
cobrir	Por meio das amígdalas , das vegetações adenóides e da mucosidade que normalmente cobre as membranas da faringe .
cobrir	Há muita sensibilidade nos músculos , com inchação destes e da pele que os cobre .
cobrir	No caso de estarem abertas , ou de incomodarem muito , retirar a pele que as cobre , utilizando uma tesoura e uma pequena pinça de curativos ou de depilar , depois de haverem sido fervidas , pelo menos , durante 10 a 20 minutos .
cobrir	Numa iniciativa que nasceu há quatro anos , dezenas de residentes deitam mãos à obra para construir um enorme tapete de flores e pétalas que cobre , quase na totalidade , o adro e zona envolvente da Igreja local .
cobrir	Actos prejudicam actividade do clube Para piorar a situação do clube , o seguro que o clube tem cobre a quebra de vidros , « mas só em situação e projecção de pedras e não actos de vandalismo » , esclarece Joaquim Freitas , acrescentando que « as próprios companhias de seguro já colocam alguns entraves quando se trata de um autocarro pertencente a um clube .
cobrir	O secretário de Estado aproveitou para revelar que vai ser instituído um seguro pecuário , semelhante ao seguro de colheitas , que em 1995 beneficiava 3.000 agricultores e que actualmente já cobre um universo de 150 mil .
cobrir	Ontem o administrador-delegado Serra Pacheco garantiu que os seus fiscais « não detectaram qualquer anomalia » , na pequena rede de saneamento que para já cobre apenas parte da povoação de Souselas .
cobrir	E , por mais caricato que possa parecer , ambos o fizeram debaixo do tecto que cobre a casa a que habitualmente chamam de sua .
n-é-verbo	O arqueólogo sustenta que a descoberta do Fórum , o edifício mais importante da cidade , e as termas permitem confirmar tratar-se da Eburobrittium , cidade ocupado entre os séculos I.os séculos V. .C. , de acordo com o espólio encontrado como os objectos em cerâmica , pesos de tear , sigilatas , vidro e cobre .
cobrar	« Ninguém acredita que um notário reconheça umas assinaturas e não "cobre " o imposto devido .
cobrir	E é assim que um imenso rendilhado branco envolve e cobre uma vasta área de terras aráveis do concelho de São João da Pesqueira , no norte do distrito de Viseu , envolvendo um circuito que se prolonga pelas localidades de Vale Figueira , Olas e Valongo dos Azeites , atravessando um percurso sinuoso e de rara beleza ao longo da EN222 (por sinal em bastante mau estado) , calcorreada por centenas de autocarros de turistas que todos os anos ali acorrem para ver as « Amendoeiras em Flor » .
cobrir	O manto branco que cobre a Serra da Estrela e o fim-de-semana prolongada que está à porta vão levar até àquele maciço montanhoso muitos turistas .
cobrir	O reitor da Universidade de Aveiro , em entrevista exclusiva ao nosso Jornal , destapa parte do véu que cobre o conteúdo do estudo de viabilidade relativo à instalação em Viseu de uma unidade orgânica da Universidade Pública de Aveiro .
cobrir	A tundra cobre o solo das regiões polares e subpolares durante cerca de 5 meses , durante o verão , quando se verifica o degelo da parte superior do solo .
cobrir	A cor cobre as paredes do comitê do general Newton Cruz .
cobrir	O empresário Jair Calegário , dono de dois ônibus que fazem a linha que cobre os 17 quilômetros de distância entre São João Nepomuceno e Carlos Alves , diz que durante 10 anos levou muito operário dos municípios vizinhos até a obra da fortaleza .
cobrir	A malha tem mais de 7 mil quilômetros e cobre os estados de Sergipe , Bahia , Goiás , Distrito Federal , Espírito Santo , Minas Gerais e Rio de Janeiro .
cobrir	A próxima malha a passar para as mãos da iniciativa privada é a centro-leste , que cobre os estados de Minas Gerais , Goiás , Rio de Janeiro , Bahia , Sergipe e Espírito Santo .
cobrir	O próximo trecho a ser privatizado será a malha centro-leste , que tem 7.207 quilômetros e cobre os estados de Goiás , Minas Gerais , Espírito Santo , Bahia , Sergipe e Rio de Janeiro .
cobrir	O estudo do Dieese , que cobre todos os setores de atividade econômica da região metropolitana de São Paulo , aponta o setor de serviços como o maior responsável pelas demissões do período , com 38 mil dispensas .
cobrir	Neste acordo , similar ao concluído em fevereiro com a Motorola , a IBM busca aumentar a participação no mercado dos Macintosh , que cobre apenas 8% dos computadores pessoais .
cobrir	« A.ssociação de drogas é mais completa , já que uma cobre a deficiência da outra » , disse .
cobrar	Eli da Veiga-A minha sugestão , a curto prazo , é a que a gente cobre todos esses serviços que também refletem uma distribuição de renda .
cobrar	« A.onclusão a que se chega é que se fosse permitido que uma empresa cobre pelo estacionamento , a situação se reverte : a Universidade passaria a receber recursos » , observou o prefeito .
cobrir	O termo « trama de forma linear » ‚ um termo geral que cobre qualquer tipo de agregado linear alongado , incluindo lineações de estiramento e algumas lineações de interseção formadas pelo rompimento de acamamento .
cobrar	Apesar de suas condenações incisivas dos regimes totalitários , sejam de esquerda ou de direita , ainda hoje não falta quem lhe cobre explicações a respeito de três fatos absolutamente extraliterários .
cobrir	Ambrosina , a ti só pertence inspirar-me o que sinto ; não sei já se és formosa , mas adoro esse coração inocente e puro , que não te deixa suspeitar o mal , que cobre o quanto dizes e fazes com o véu da decência e da virtude I. P. 123.
cobrir	Sem sintonização , o pré-amplificador cobre uma faixa correspondente a 1% da frequência (em nosso caso , 4,5 MHz , o que é plenamente suficiente para a saída das repetidoras de UHF (entre 438 e 440 MHz) .
n-é-verbo	Embora seu tamanho físico seja consideravelmente menor que o de antenas que captam os componentes elétricos das ondas eletromagnéticas , o custo não se reduz proporcionalmente , uma vez que , para obter o altíssimo fator Q.ecessário para uma boa eficiência , ela tem que utilizar material caro (cobre e latão) .
cobrir	Cada antena magnética cobre continuamente uma gama de frequências até uma proporção de aproximadamente 2:1 .
cobrir	Essa última antena cobre as dezesseis bandas seguintes .
cobrir	Quem viu o pequeno filme experimental de Alvy Ray Smith The Adventures of André and Wally B. (1984) deve se recordar de que toda a floresta que serve de fundo à ação dos dois personagens centrais , com toda a sua vegetação exuberante , suas árvores frondosas e a relva abundante que cobre o chão , tudo isso foi modelado por Reeves com sistemas de partículas .
cobrir	Mas enublados os dirige Palas : Atena os cobre de névoa .
cobrir	Enfim o segmento 5b choca-se com o 11a e cobre assim o pacote Amós .
n-é-verbo	As substâncias simples não podem ser decompostas em outras diferentes (Ex : oxigênio , ferro , enxofre , cobre , mercúrio e carbono) .
cobrir	Forma-se então uma região autônoma , que cobre dois terços da Palestina .
n-é-verbo	Este tipo de impressão consiste na incisão das linhas e matrizes sobre uma superfície que é normalmente de metal (cobre , latão) .
n-é-verbo	Além desses , no Golfo Pérsico , conchas eram transformadas em ornamentos e usadas na troca , cobre no estado natural era usado na Itália , até que o reino antigo de Lídia inventou a moeda , um pedaço de metal precioso de peso pré-determinado , garantido pela estampa de alguma autoridade .
cobrir	Assim é também este céu claro ou brusco , -- outro tecto vastíssimo que os cobre com o mesmo zelo da galinha aos seus pintos ...
cobrir	Nem esqueça o próprio crânio do homem , que os cobre igualmente , não só diversos , senão opostos .
cobrir	Ainda a sombra cobre a terra .
cobrir	Derrubando a fronte , cobre o rúbico olhar .
cobrir	A sombra , que desce dos montes e cobre o vale , penetra sua alma .
cobrir	Quando Araci ouviu estas palavras cobriu-se de sorrisos , como o guajeru se cobre de suas flores alvas e perfumadas , com os orvalhos da manhã .
cobrir	Mas vem a lua das águas e a cajazeira outra vez se cobre de folhas ; sua sombra é doce ao guerreiro .
cobrir	A palmeira é formosa quando se cobre de flores e o vento agita as suas folhas verdes que murmuram ; mais formosa , porém , é quando as flores se mudam em frutos , e ela se enfeita com seus cachos vermelhos .
cobrir	Sim : Peri volta à terra que cobre os ossos de Ararê .
cobrir	Quem conhece a vegetação de nossa terra desde a parasita mimosa até o cedro gigante ; quem no reino animal desce do tigre e do tapir , símbolos da ferocidade e da força , até o lindo beija-flor e o inseto dourado ; quem olha este céu que passa do mais puro anil aos reflexos bronzeados que anunciam as grandes borrascas ; quem viu , sob a verde pelúcia da relva esmaltada de flores que cobre as nossas várzeas deslizar mil répteis que levam a morte num átomo de veneno , compreende o que Álvaro sentiu .
cobrar?	cobre !
cobrir	Na frente e no fundo da estufa , o plástico que cobre todo o módulo é esticado sobre o último arco e as pontas presas no caibro e nos sarrafos que , por sua vez , também são presos à extremidade dos mourões .
cobrir	Às 10h45 os policiais do 5º Batalhão da PM , que cobre a área , desconfiaram da fuga , devido a denúncias de carros sendo roubados .
cobrir	Segundo o pecuarista , o boi para o abate a 25 URVs cobre apenas os custos com a engorda , incluindo investimentos em pastagens .
cobrir	Osório Costa , 45, presidente da Associação Brasileira dos Citricultores , diz que a remuneração de US$ 1,80 por caixa cobre os custos dos produtores .
cobrir	Manuscrita , a contabilidade diária cobre o período de 87 a março de 94 .
n-é-verbo	A substância , um óxido de estrôncio e rutênio , não contém cobre como a maioria dos supercondutores .
cobrir	« Qualquer dor passa imediatamente , porque o Bioskin cobre os terminais nervosos » , disse .
cobrir	Segundo o diretor-técnico do ETT , Jadson da Silva Freitas , 34, o dinheiro que a universidade recebe do governo estadual cobre apenas os gastos com pessoal .
cobrir?	E que cobre esses excessos da imprensa .
n-é-verbo	José Serra (PSDB-SP) propôs a Ricupero a criação da moeda de 25 centavos como nos EUA e a introdução de níquel e cobre na liga das peças .
n-é-verbo	Sugerida por José Serra (PSDB-SP) , a moeda será fabricada com liga de níquel e cobre , o que lhe dará uma cor amarelada .
cobrir	Nos fundos do governo , o empregador cobre todas as despesas e a pensão costuma ser de 100% do mais recente salário .
n-é-verbo	Segundo a Secretaria de Indústria e Comércio da Bahia , as exportações de rochas ornamentais perdem apenas para as dos produtos do pólo petroquímico de Camaçari (a 41 km de Salvador) , de ferro e cobre .
cobrir	O acordo da dívida externa cobre um débito de aproximadamente US$ 49 bilhões .
cobrir	« Visões do Golpe » cobre o período que vai da renúncia de Jânio Quadros , em 25 de agosto de 1961, até a posse de Costa e Silva , em 15 de março de 1967 .
cobrir	É de US$ 11 bilhões o rombo do Fundo de Compensação de Variações Salariais , que cobre a defasagem do programa habitacional .
cobrir	A imprensa deve manter distanciamento crítico em relação ao assunto que cobre , além de ter uma inabalável postura de imparcialidade e isenção diante dos fatos -- quaisquer fatos .
cobrir	No eclipse solar , a Lua « cobre » o Sol .
cobrir	A contribuição de deputados e senadores cobre apenas 16% das despesas do Instituto .
cobrir	Cotidiano , editado ontem com 4 páginas , cobre os demais mercados .
cobrir	O imóvel cobre apenas a parte de Chica Dutra nos aluguéis .
cobrir	Hoje , vai a Nova York e , na semana que vem , cobre duas cidades do Estado de Louisiana : Baton Rouge e a capital , Nova Orleans .
cobrir	O trem cobre o percurso , inaugurado oficialmente em 26 de julho de 1938, em pouco mais de cinco horas .
cobrir	O Ford Assistence é o único que também cobre pane por acidente , além de problemas elétricos ou mecânicos .
cobrir	A folha de pagamento da PUC cobre 2.700 pessoas , entre professores e funcionários .
cobrir	O corselet é uma peça que molda a cintura e cobre a barriga até o seio .
cobrir	Cada participante paga R$ 45,00, que inclui transporte (ônibus fretado) , guias , primeiros socorros e seguro (cobre assistência médica e hospitalar) .
cobrir	Em caso de iminência de chuva , o simulador de veranico desliza sobre trilhos e cobre a plantação .
cobrir	O preferido das paulistas , segundo as vendas , é o 5/8 (que cobre até o joelho) , todo preto .
cobrir	Quando as empresas arrecadam menos que o custo do serviço , a prefeitura cobre com dinheiro dos cofres públicos .
cobrar	É necessário órgão de planejamento que identifique as prioridades , fiscalize a distribuição de processos aos juízes e cobre respeito ao princípio do juiz natural .
cobrir	O Serviço Funerário Municipal assinou convênio com a seguradora Vera Cruz para criação de um seguro que cobre os custos do enterro .
cobrir	O véu que cobre a banda sobe quando eu canto o samba do Paulinho da Viola e só cai de novo na hora de « As Time Gões By » .
cobrir	Em seguida , fizeram uma corda com lençóis , que foi lançada até a tela de proteção que cobre o pátio interno da delegacia .
cobrir	A simulação não convence a polícia porque ele faz algumas coisas que nenhum ladrão faria : cobre os corpos com cobertores , apaga as luzes antes de sair e deixa R$ 30 sobre a mesa da sala .
cobrar	É indispensável e aqui vem o mais importante de tudo que a comunidade , depois de empossar seus eleitos , cobre deles o cumprimento da promessa feita .
cobrir	O seguro obrigatório só cobre despesas médicas até o limite atual de R$ 1.524,54 .
cobrir	« O.ovo cartão isenta o assinante do pagamento de duas anuidades , enquanto o similar oferecido pelo concorrente local , o jornal ' O.stado de S.Paulo ', cobre apenas a primeira anuidade » , diz Flávio Pestana , diretor de circulação da Empresa Folha da Manhã S/A que edita a Folha .
n-é-verbo	Já as de R$ 0,50 e as de R$ 1,00 serão cunhadas de liga de cupro-níquel (cobre e níquel) .
cobrir	Se o cidadão tiver três filhos e uma renda mensal de R$ 300,00, a prefeitura cobre os R$ 120,00 restantes .
cobrir	Ele encarece as prestações , mas cobre o saldo devedor de consorciados inadimplentes , podendo diminuir o atraso na entrega do bem por falta de recursos para a compra .
cobrir	A Divisão de Impressoras cobre 41% do mercado nacional com uma linha de 11 produtos , incluindo impressoras matriciais e de página (laser) .
cobrar	A proposta é que se cobre 3% das micro , 5% das pequenas e 8% das grandes empresas .
cobrir	A parcela de 45% da taxa líquida é mera correção monetária que cobre a desvalorização do cruzeiro real .
cobrir	O serviço , do Banco de Dados Folha de S. Paulo , cobre todo o Estado , exceto as regiões atendidas pela companhias telefônicas de Ribeirão Preto e Brasil Central .
cobrir	Esse percentual cobre com folga as diferenças em URV eventualmente apuradas de março a junho pela lei 8.880 .
cobrir	Também não temos informações suficientes para o cargo de engenheiro agrônomo , já que a pesquisa cobre apenas a região da Grande São Paulo , onde raramente encontramos esse profissional.
cobrir	E o pai pagar a diferença nos remete àquela velha história nossa conhecida « Pai , vou botar gasolina , você cobre o cheque ?
cobrar	O objetivo é documentar a irregularidade para que a Justiça cobre o serviço .
cobrir	A 9.002 cobre produção e inspeção do produto e a 9.003 tem caráter de inspeção , não envolvendo projeto de produto .
n-é-verbo	Nos segmentos de lâmpadas , máquinas de escrever , cobre , higiene e limpeza , aços planos , elevadores , condutores elétricos e aços laminados , o índice é superior a 3.000 .
cobrir	Sem contar a mão-de-obra , o secretário municipal de Saúde , Ronaldo Gazzola , diz que o pagamento do ministério por procedimentos médicos (internações e consultas) cobre « no máximo » 70% dos custos de uma unidade de saúde pública .
cobrir	Você então vai se dar conta que no Brasil ninguém cobre a Copa , mas sim o Brasil na Copa .
cobrar	A bolsa cobre a diferença entre as taxas relativas aos estudantes britânicos e estrangeiros .
cobrir	O aerofólio grande , às vezes até duplo (com um avanço da asa sobre a carenagem que cobre o motor) , proporciona uma maior aderência atrás .
cobrir	Se acontecer , a terra que cobre a grama sai » , completa Werdo .
cobrir	O Juventus cobre seu gramado com terra e adubo todo final de ano e , desta vez , não conseguiu recuperar as pequenas áreas .
cobrir	Basta ler o caderno de informações sobre o credenciamento no certamente para entender que os organizadores norte-americano não sabem mesmo o que é o futebol-soccer , muito menos não compreendem que gênero de gente cobre um mundial .
cobrir	Antes dos jogos da seleção brasileira , alguém da delegação do Brasil cobre com um pano a proteção transparente sobre o banco de reservas da equipe .
cobrir	Quando vou ao ataque , o Gilmar cobre a minha posição e o Válber protege o Gilmar .
cobrir	Quando vou ao ataque , o Gilmar protege a minha posição e o Válber cobre o Gilmar .
cobrar	Portanto , a atitude correta do árbitro seria pedir para o atacante colocar a bandeirinha de escanteio no lugar e mandar que ele cobre o tiro de canto com a bola dentro do quarto de círculo pintado no gramado .
cobrir	Como vou estar quase sempre em trânsito e em lugares em que o telefone celular ou não funciona ou não é permitido , o « pager » é o ponto de contato com o jornal e o pessoal que também cobre a Copa .
cobrir#	Folha cobre sob protesto .
cobrir	Um novo tapete verde cobre o piso do estádio .
cobrar?	Goicoechea recebe de Ferrer e cruza da direita ; a bola cobre Illgner , bate na trave direita e entra no gol .
cobrar?	Klinsmann cabeceia mal , mas a bola bate no chão e cobre Zubizarreta .
cobrir	Para evitar o sol do verão dos EUA , Borislav Mihailov , goleiro da Bulgária , cobre a sua cabeça com uma proteção especialíssima .
cobrir	Trata-se de uma luva de lycra que cobre apenas dois dedos , exatamente os que formam o « V.a vitória » o indicador e o médio .
cobrir	A imprensa italiana que cobre a Copa do Mundo dos EUA já tem uma explicação para a má atuação da « Squadra Azzurra » : o comitê organizador da Copa estaria manipulando para que o Brasil se tornasse tetracampeão mundial .
cobrir	O refúgio dos brasileiros cobre 500 mil metros quadrados de área protegida por mais 500 mil de Mata Atlântica .
cobrir	Já o livro do fotógrafo particular de Senna , o japonês Norio Koike , que cobre os dez anos da carreira do piloto , custa US$ 35,00 .
cobrir	A maior ousadia arquitetônica do projeto é o anel que cobre as arquibancadas um disco elíptico sustentado por 20 finas colunas de aço de 43 m de altura , dando ao estádio um ar de disco voador .
cobrar	estima-se que George Carman cobre cerca de R$ 680 por hora de clientes como o cantor Elton John e o magnata da imprensa Robert Maxwell , já morto .
cobrar	« Talvez ele cobre um cachê simbólico que será doado à campanha da fome de Betinho (so ciólogo Herbert de Souza) " .
n-é-verbo	Suas obras questionam os comportamentos elementares de materiais como pedras , terra , cobre , ferro , ou seja , seu peso , sua forma , a tensão de uns sobre os outros , o espaço , a energia , o tempo .
cobrir	Coincidindo grosso modo com os séculos 17 e 18, o segundo volume do livro (A Ordem do Universo) cobre esse interesse científico pelo continente .
cobrir	Eis como Edith Wharton retrata uma personagem secundária : « o imenso acúmulo de gordura que se abatera sobre ela na meia-idade , como uma torrente de lava cobre uma cidade condenada , transformara-a , de mulher rechonchudinha ( ...) que era , em algo vasto e augusto como um fenômeno natural ( ...) uma cascata de papadas moles descia até as vertiginosas profundezas de um peito ainda alvo ( ...) em torno e abaixo , ondas e mais ondas de seda negra transbordavam de uma espaçosa poltrona , com duas minúsculas mãos brancas pousadas como gaivotas na superfície do mar revolto.
cobrir	Além disso , o tema da nova pele que cobre , respectivamente , Tristão e Isabel , inspira a Updike considerações sobre raça que não podem ser consideradas « politically correct » , acho eu .
cobrir	Você sabe que sua música « Show Me Love » foi eleita música do ano pelos leitores da coluna « Noite Ilustrada » , que cobre o mundo club ?
cobrir	A Star TV é uma emissora por satélite que cobre toda uma extensão que vai da Austrália ao Oriente Médio .
cobrir	O diretor de teatro José Celso Martinez Corrêa , internado no Incor (Instituto do Coração) no início de junho com uma inflamação na membrana que cobre o coração , já recebeu alta e passa bem .
cobrir	Assim , a tinta que cobre uma cadeira é , na verdade , sabão em pó colorido , registrado no momento em que refletia uma determinada densidade de tom azul .
cobrar	Talvez cobre US$ 50, porque sabe que preciso do macaco .
cobrar	Ele vai se aproveitar , talvez cobre US$ 100.
cobrar	Para acalmar Mary Nigri , o descolado Tony Menache cobre férias no Quattrino .
cobrir	O título é referência óbvia ao rito de circuncisão cultivado pelos judeus , que consiste em retirar o excesso de prepúcio (pele que cobre a glande) do pênis , o que evita a fimose (sua inflamação) .
cobrir	Um jornalista (Freddie Jones) cobre o cortejo fúnebre e une as histórias .
cobrir	A mesma mistura de queijos cobre um filé dito à parmigiana (com molho de tomate) .
cobrir	Zlata Filipovic vive desde o ano passado em Paris e seu diário , que cobre os anos de 92 e 93, já se tornou um bestseller mundial .
cobrir	As apresentações aconteceram com a presença da editora da revista , Silvana Fanti , e do fotógrafo Fernando Louza , que cobre os lançamentos internacionais .
cobrir	A correspondência cobre o período de 1941 a 1948, época que a atriz ainda não havia se tornado destaque no Teatro Brasileiro de Comédia , o TBC .
cobrir	E Rossi radicaliza o lado bonzinho de Covas , cobre todo de açúcar , veste-se de noivo , embabuja-se no Evangelho , carameliza-se de religião .
cobrir	Cada texto é precedido do resumo de fatos ocorridos na semana em que foi publicado para facilitar a sua contextualização , e o volume cobre o período de março de 91 a março de 94 .
n-é-verbo	As esculturas , trabalhadas em ardósia , ferro e cobre , se projetam da parede e se estendem pelo chão , criando ondulações e volumes vazados que pressupõem a idéia de flutuação .
cobrir	Depois de esperar uma proposta durante quinze dias , Iglesias baixou o preço para Cr$ 906 mil e cobre a diferença .
n-é-verbo	O ideal é substitui-los por PVC ou cobre .
cobrir	A Chubb do Brasil , empresa de seguros associada ao Citibank , lança um seguro residencial que cobre desde acidentes pessoais até incêndios .
cobrir	A vegetação que cobre mais da metade dos 5.396 m2 do terreno do Banerj na avenida Paulista não pode ser derrubada .
cobrir	O visor da Riva Panorama tem um campo grande , que cobre o formato panorâmico , e inclui marcas para nivelar a cena a ser fotografada .
cobrir	O financiamento em 30 meses , com seis de carência para começar a pagar cobre até 85% do valor total dos bens , com juros reais de 10% ao ano .
cobrir	As empresas de seguro enquadram o notebook na categoria All Risks , que inclui equipamentos de uso pessoal e cobre roubo e furto .
cobrir	« Pacific War » cobre todo o período de guerra entre o Japão e os aliados .
cobrir	O jogador pode optar pelo mouse ou teclado para movimentar seu exército e no item Scenario escolher Campaign 41, que cobre o período que vai de 7 de dezembro de 1941 ao final da guerra .
cobrir	Apesar de todo o otimismo que cobre esta 13ª Bienal , nunca , desde a primeira edição do evento em 1970, o número de estandes estrangeiros foi tão pequeno : 14 .
cobrir	Inclusive nos meios de comunicação , porque a imprensa brasileira cobre muito mal as relações externas do Brasil .
cobrir	Além dos gases-estufa , a massa de concreto que cobre extensas áreas de solo nas metrópoles modifica profundamente variáveis importantes para o microclima , como absorção de água e da energia solar .
cobrir	da nuvem que cobre .
cobrir	sepultadas , que a terra cobre .
cobrir	Dois lançamentos um livro e um CD espanam o pó que cobre a documentação sobre o assunto .
cobrir	As duas frases se repetem nas outras peças , em inúmeras versões , dramatizando sistematicamente a falta de chão dos personagens e a condição quase tétrica de esvaziamento que cobre tudo como uma mortalha .
cobrir	A peça cobre um processo de amadurecimento interessante no caso de Bertram : por um lado ele acaba descobrindo as virtudes de Helena , por outro é levado a descobrir a calhordice de Parolles , a quem sempre aceitou apenas porque este o divertia .
cobrir	« Nossa lei cobre esse tipo de crime e não podemos esperar pela criação de uma corte internacional , o que poderia demorar três anos » , afirmou o premiê .
cobrir	« Berlusconi deveria renunciar porque essa engenharia anormal de garantias para mantê-lo no cargo nos cobre de ridículo diante dos países de todo o mundo » , disse Gianni Mattioli , deputado do Partido Verde .
cobrir	Se existe uma nova onda econômica que cobre as terras dos índios , ela está especialmente presente nesta reserva , onde vivem 3.500 nativos .
cobrir	" No Ordinary Time : Franklin and Eleanor Roosevelt : The Homefront in World War II " (Simon & Schuster , 757 páginas , US$ 30) , lançado no dia 23 de setembro , cobre o front doméstico durante a Segunda Guerra Mundial .
cobrir	A espessura da camada de ozônio , que oscila ao longo do ano , está 65% mais fina do que na década de 80 e cobre 75% da Antártida .
n-é-verbo	Chia Yi , um discípulo de Confúcio , diz que o governo deve acumular cobre (a moeda da época) para controlar o valor da moeda .
cobrar	É portanto fundamental que o eleitor cobre de todos os candidatos propostas concretas de governo .
cobrar	Que se cobre a transparência não só da Unicamp como de todas as universidades públicas não passa mesmo de uma obrigação .
cobrir	Mas , mesmo que se suponha que o governo consiga pôr a mão em 10% desse dinheiro , ainda assim seriam R$ 5,7 bilhões , o que já cobre mais da metade do rombo potencial no Orçamento de 95 .
cobrar	Convém que se cobre mais realismo do governo e de um certo candidato .
cobrir	Se o governo gasta mais do que arrecada e , principalmente , se cobre esse buraco emitindo moeda , surge igualmente uma pressão inflacionária autônoma .
cobrar	De outro , é a fórmula ideal para que se cobre de cada setor do governo a execução daquilo que foi decidido .
cobrir	Começa lentamente , depois acelera , daí afrouxa , depois se cobre de delicadeza de novo e cresce no final .
cobrir	Todas as diárias incluem seguro parcial , que cobre 90% de qualquer dano causado ao veículo .
cobrir	Só cobre sua pele pálida com roupas pretas e brancas .
cobrir	Vira cortina , toalha de banho , cobre sofás , poltronas , almofadas e abafa .
cobrir	Arrancar a película que cobre as palmilhas é difícil .
cobrir	profissional : apólice única cobre renda , vida , patrimônio e despesas fixas em casos de invalidez permanente ou morte .
cobrir	automóvel : cobre a despesas de reboque ; oficinas conveniadas em todo o país e atendimento telefônico nacional .
cobrir	residência : cobre integralmente os prejuízos e não exige vistoria prévia quando valor segurado é de até 100 milhões de IDTR .
cobrir	residência : cobre danos à família e ao veículo dentro da garagem .
cobrir	Destina-se à compra de equipamentos de computação e programas nacionais e cobre gastos com a implantação de projetos de informatização e treinamento .
cobrir	Se a idéia é frequentar alguma pista de esqui na neve ou sessão de mergulho , é obrigatório perguntar às empresas se a assistência médica cobre eventuais acidentes .
cobrir	Se durante uma viagem , o cliente sofrer um acidente automobilístico e precisar depositar caução penal , a Sul América cobre esta despesa até um total de US$ 10 mil .
cobrir	O Parque Nacional Great Inagua , um dos 12 parques das Bahamas , cobre metade da ilha .
cobrir	Semi-enterrado na margem do rio Ounasjoki , o único elemento que sobressai no prédio é o tubo de vidro que cobre o hall , apontando para o norte .
cobrir	O preço , US$ 602, cobre hospedagem , alimentação , transporte de bagagem e sauna diária .
cobrir	O acervo permanente cobre o período 1870-1960 .
cobrir	O Hyde Park , a leste , serviu de reserva de caça do rei Henrique 8º e cobre 136 hectares .
cobrir	O La Cabana Beach cobre uma grande área ajardinada com cinco quadras de tênis iluminadas , um centro de ginástica e piscina .
cobrir	A série de dicas de viagem ( « Tips for Travelers » ) é mais extensiva e cobre de regiões como América do Sul e Central , África Sub-Saariana e Caribe a países como México , Rússia e China .
cobrir	A associação está vinculada à aquisição de uma apólice de seguros que cobre acidentes aéreos .
cobrir	Só há poucos anos , durante a expedição do pesquisador francês Jacques Cousteau ao lago , descobriu-se que vive no lodo que cobre o fundo do lago uma espécie de rã gigante , que pode atingir até 50 centímetros .
cobrir	No verão , há o « fog » (nevoeiro) que cobre parcialmente colinas e pontes .
cobrir	Na Espanha , registram-se festas com a « queima do Judas » no domingo , e não no sábado ou a « descida do anjo » um menino vestido de anjo retira o véu que cobre o rosto da Virgem .
cobrir	Se no inverno o traje obrigatório para o esporte é o « long-john » (roupa que cobre o corpo dos punhos aos tornozelos) , em alguns dias da primavera é possível surfar com um colete de neoprene .
cobrir	A revista quinzenal « The List » cobre as opções de entretenimento em Edimburgo e Glasgow .
cobrar	Recebo centenas de cartas que dizem ' Rolim cobre mais caro , mas não deixe cair o padrão dos serviços ' .
cobrir	Antes de se tornar narrador , Silvio Luiz que cobre atualmente a Copa pela Rede Bandeirantes já apostava no humor como repórter de campo ou volante , como se dizia em 1958 .
cobrir	Paga-se uma taxa de inscrição (que cobre as despesas da instalação do cabo) e , depois , uma mensalidade pelo recebimento da a programação .
cobrir	Acostumado a ser entrevistado por Cristina ela cobre televisão há cinco anos , Travesso ficou entusiasmado com a fotogenia exibida pela desenvolta repórter como jurada do « Troféu Imprensa » , transmitido também pelo SBT .
cobrir	O preço US$ 100.000 cobre um aluguel de 30 meses e inclui a manutenção e outros serviços de apoio .
cobrir	Mercado dispõe de outros produtos , como cera especial que « cobre » o risco da lataria .
cobrir	Accord cobre 40% das vendas da Honda .
cobrir	O Daewoo Assistence cobre 2.500 postos de atendimento por todo o país , para casos de quebra ou roubo do veículo .
cobrir	Esclareceu que , para seguro que cobre acidentes com danos materiais , inexiste na legislação brasileira instrumento legal tornando-o obrigatório e compulsório .
cobrir	Acionado por telefone , o sistema cobre acidentes , problemas mecânicos , extravio de bagagem e doenças , inclusive para a família do segurado .
cobrir	Passa a base , agora , e cobre de novo , que fica .
cobrir	As espaldas lhe cobre , e os lindos lábios .
cobrir	Mas com estas desgraças vem também o castigo : com quanto mais andrajos se cobre o corpo do povo , mais desejo de liberdade lhe nasce na alma .
cobrir	E era só uma brisa fresca de noroeste : mas ali , no tombadilho , sob uma capa de oleado de que um marujo me tinha coberto , como se cobre um corpo morto , fustigado da neve e da vaga , oprimido por aquela treva tumultuosa que o paquete ia rompendo aos roncos e aos encontrões -- parecia-me um tufão dos mares da China .
cobrir	O Porto , rubro de ódio , cobre as suas senhoras da sumptuosidade dos estofos e das faíscas dos diamantes .
cobrir	Que informe pó cobre hoje.
cobrir	Vós punis pela honra do Duque : vossa prudência romperá a nuvem que cobre tudo.
n-é-verbo	Que nunca trazia cobre .
cobrir	Aí surge a mulher , furiosa , que abre de repente o postigo e os cobre de insultos .
cobrir	Em outras a oferta , que se compõe de pão , vinho , e um cordeiro vivo , de tal forma se arruma em uma canastra , que se observa a etiqueta de se poderem ver as pernas amarradas do cordeiro , dispondo-se para isso a toalha que cobre a mesma canastra.
cobrir	As mulheres da Córsega trazem um mandil , um pedaço de pano de cor que lhes cobre os rostos , que se põe liso no alto da cabeça e é enrolado em volta do picho , de modo que se lhe não vê os cabelos .
cobrir	A imprensa deve manter distanciamento crítico em relação ao assunto que cobre , além de ter uma inabalável postura de imparcialidade e isenção diante dos fatos quaisquer fatos .
cobrir	A proposta vencedora cobre o custo do projeto (US$ 1,39 bilhão , com carências de 2,5 a 8 anos , a maior parte a juros excepcionalmente baixos e com pagamento em até 19 anos) .
cobrir	Também a violência das torcidas contribuiu para comprometer a fama de organização que cobre o esporte na Europa .
cobrar	Ele também elogiou o funcionamento de conselhos escolares nos municípios e Estados e pediu à população que cobre dos prefeitos a indicação de obras inacabadas à delegacia estadual do Ministério da Educação .
cobrir	O almirante diz que essa proteção mais barata só cobre os aviões que querem ser detectados e não alcança os que procurarem escapar aos radares , pela óbvia razão de que estão em operações criminosas (contrabando ou narcotráfico) .
cobrir	No 3º DP , que cobre a região da Ipiranga , não foi registrada nenhuma ocorrência ontem .
cobrir	O dramático cenário que o futuro reserva mantém intacto o véu de pessimismo que cobre a sociedade local .
cobrir	O esforço deste trabalho obteve os seus frutos , sobretudo devido à ligação com os cuidados primários de sáude , concretamente com o Centro de Saúde de Odivelas , o maior do país , que cobre o segundo concelho do país , Loures , com 320 mil habitantes , sem hospital geral .
cobrir	Esta cadeia utiliza uma rede de distribuição de sinal própria que cobre a comunidade catalã e produz a sua própria informação em cinco blocos .
cobrir	Este emissor de Goma cobre a região a norte do lago Kiwu , em torno do qual há cerca de um milhão de refugiados .
cobrir	Ao mesmo tempo , a poluição agrícola e industrial tem favorecido o aparecimento , na laguna , de uma flora nociva , especialmente um tipo de alga que cobre a superfície das águas e lhes suprime parte da oxigenação .
cobrir	O museu reúne uma colecção de pintura e desenho , dividida em dois núcleos de doações , que cobre um vasto período das produções de Arpad Szènes (1911-1985) e de Vieira da Silva (1926-1986) .
cobrir	O cessar-fogo é « completo e cobre qualquer uso de armas » .
n-é-verbo	Apanhados a roubar cobre .
cobrir	Actualmente , a anergia nuclear cobre cerca de 30% das necessidades de electricidade do Japão .
cobrir	Aparentemente pouco incomodados com a neve que tem caído quase ininterruptamente nos últimos dias e que cobre as ruínas provocadas pelos bombardeamentos , respondem às questões ou discutem nas ruas , até que o frio os obrigue a prosseguir as conversas num café .
cobrir	Por trás do que hoje se vive , há um entendimento feito de equilíbrios , compromissos e respeito , uma zona de diálogo que cobre as nódoas negras do passado .
cobrir	O circuito desta feira cobre os pólos de dinamismo do circuito português , alargando-o para fora dos núcleos de consagração crítica .
cobrir	Quando se cortam as curvas , rebaixam as lombas , alarga e cobre de alcatrão o leito de um tortuoso , íngreme , acidentado e apertado caminho -- que a densidade do tráfego torna extraordinariamente perigoso (quem se responsabiliza pelos acidentes ?
cobrir	O novo mapa , que foi obtido por cientistas do Instituto Whitehead de Investigação Biomédica de Cambridge (Massachusetts , Eua) , acaba de ser publicado pela revista americana « Science » e cobre cerca de 95% da totalidade do genoma .
cobrir	Tal como os outros programas que se inserem no Quadro Comunitário de Apoio a Portugal , o SIMC cobre todo o território nacional e tem como objectivos específicos a correcção das assimetrias regionais neste sector , a dinamização das empresas e dos circuitos de distribuição e a promoção da cooperação empresarial .
n-é-verbo	Para fazer face a esta situação , aquela empresa reestruturou a sua produção , optando por colocar nas linhas de montagem cabos que não necessitem de polieteleno ou cobre , matérias-primas cujo fornecimento tem sido mais afectado , pois provêem integralmente de França , Bélgica e Espanha .
cobrir	A grande surpresa foi o anúncio de que neste momento o funcionamento da barragem , embora actualmente « em carga reduzida » , « cobre os seus custos de exploração e os encargos financeiros dos empréstimos contraídos » para a reconstrução e reabilitação das linhas de fornecimento .
n-é-verbo	Nas exportações , o primeiro lugar foi ocupado pelas hulhas , seguindo-se a energia eléctrica , produtos laminados , cobre , motores turbo de combustão , ferramentas , enxofre , viaturas ligeiras , carnes e gado abatido , preparados de carne , açúcar , bebidas espirituosas , frutos congelados e preparados e carne de cavalo .
cobrir	Por 79 dólares por ano (cerca de 11 contos) , cobre todas as companhias aéreas americanas com excepção da Aloha , Hawaiian e MGM Grand .
cobrir	que cobre areia e toldos , por vezes tão espessa e fechada que nos impede a visão do mar .
cobrir	Nesta obra onde se representa a vivência trágica do mundo e a morte -- a bailarina que se lança no precipício , um homem que cobre outro estendido no chão com folhas de jornal , uma mulher imobilizada da cintura para cima sobre cujo ventre cai um fio de pó , o coro fúnebre dançado no final -- as pessoas envergam vestidos festivos (criados por Cidalia da Costa) , fazendo lembrar a tristeza , a solidão e o vazio que Pina Bausch exprime nos seus rituais sociais .
cobrir	Caiu-se no velho dilema da manta rota : tapa a cabeça descobrindo os pés e cobre os pés deixando a cabeça à mostra .
cobrir	A camada de gelo que cobre a Antárctida existe há 35 milhões de anos , diz o britânico Peter Barker , um dos responsáveis científicos desta missão em que participam dez países .
cobrir	Assim , a ajuda cobre apenas 6% das necessidades de reconstrução .
cobrir	« Há grandes áreas que , devido à guerra , são inacessíveis às equipas médicas que estudam a sida » , afirmou o mesmo responsável , lembrando que o « screening » do sangue só cobre 60% dos dadores moçambicanos .
cobrir	Para além disso , o tapete de asfalto que cobre a estrada está estalado e marcado pelos veículos pesados que fazem diariamente aquele percurso .
cobrir	Depois , é quase uma rotina : mãe e criança seguem um percurso devidamente sinalizado que cobre todas as áreas do desenvolvimento infantil -- sensorial e perceptivo -- e lhe garante as melhores condições de entrar na escola e ser um saudável rapaz ou rapariga .
cobrir	Na projecção , uma lente olho-de-peixe cobre os 180 graus do ecrã em forma de cúpula e não cria distorções nos extremos da projecção .
cobrir	Se a empresa sueca Boliden , proprietária das minas de Aznalcóllar , afirmou desde o início assumir o pagamento das indemnizações , mesmo sem esperar a correspondente decisão judicial , o seguro de responsabilidade civil daquela firma apenas cobre 2,4 milhões de contos .
cobrir	Gameiro considera que a « amostra » obtida tem « muito valor » , já que « cobre uma grande faixa etária e socio-cultural » .
cobrir	Antes de mais , o tipo de vegetação que hoje cobre o país já não tem capacidade para resistir ao fogo frequente , apesar de , com o clima que temos , ser esta a solução lógica .
cobrir	O crude que ainda cobre muitas rochas e o fundo do mar junto à costa Leste , no entanto , poderá levar décadas até ser removido .
cobrir	O projecto de catálogo nacional da BMG tem assim pernas para andar : cobre o fado com Eduardo Falcão , a MPP com os Piratas do Silêncio , o cruzamento do rock e do tradicional com os Sitiados , o da música de dança com virtualidades de exportação dos Lx-90, tem dois nomes consagrados de rock português nos UHF e nos Peste & Sida , e até nos Delfins , a primeira superbanda nacional .
cobrir	Quanto ao serviço de cartografia digital , que cobre actualmente a totalidade do espaço urbano , oferecerá aos utentes plantas topográficas rigorosas , as quais passam a dispensar o recurso a desenhadores , já que são impressas directamente nos serviços da autarquia .
cobrir	Não é , portanto , de admirar que os cidadãos norteamericanos possam agora subscrever um seguro que cobre o crédito em quilómetros de voo de um utilizador frequente se a companhia aérea que o concedeu deixar de funcionar .
cobrir	Desenvolvida por Michele de Luca e os seus colegas do Instituto Dermopatico dell 'Immacolata de Roma , a nova técnica permite reparar lesões da córnea , a película transparente que cobre os olhos .
cobrir	Não sabemos nem saberemos até que ponto se trata da política ciclicamente dúbia e interesseira dessa Cúria Romana , sempre fértil em negociatas encobertas como o Banco Ambrosiano e que cobre a podridão com palavras bentas , ou se trata da visão enviesada dum homem para quem só o comunismo conta ou contava como mal do mundo e que sempre se soube calar perante a violência da repressão , o martírio dos que não têm pai nem pão nem Pátria , com uma complacência estranha perante o pecado dos orgulhosos da terra .
cobrir	Só a partir de 1985 é que o banco central alemão começou a recorrer a esta técnica de tomada , e ela tem hoje em dia um papel excepcionalmente importante , já que cobre dois terços das necessidades de refinanciamento das instituições bancárias .
cobrir	A palavra « media » cobre tudo isto , mais as cerca de dez mil revistas e 700 estações de televisão , sem distinção entre os « talk-shows » da tarde -- « Se é travesti , tem olhos azuis e está apaixonado pelo seu carteiro , telefone-nos » -- , as mesas-redondas de opinião política , aos domingos de manhã , ou os programas-comício de Rush Limbaugh , um ultraconservador que ocupa 30 minutos de emissão na Fox , todos os dias , às duas e meia da manhã , e é visto por 20 milhões de pessoas por semana .
cobrir	Maria Alice Beaumont cobre os vários tipos de manifestações artísticas (da pintura à porcelana) , as várias épocas pré-românticas (em que sempre se moveu como conservadora) e dá a entendê-las por uma visão que relaciona os dados da integração histórica (do autor , da peça) e estética e que procura estabelecer o diálogo entre as peças escolhidas , esclarecendo laços de continuidade ou ruptura .
cobrir	A médica que cobre esta zona pedagógica não pode deslocar-se à escola e a conversa , embora sobre saúde escolar , tomou as liberdades do leigo que fala segundo o senso comum com alguém de bom senso .
cobrir	No exterior , um mural de Malangatana sobre os mitos do mar e da guerra , cobre quase toda a fachada .
cobrir	E não se cobre com gorro de leopardo .
cobrir	É um retrato ora picaresco -- veja-se o jornalista e grande narrador Gil Gomes e a sua voz cavernosa -- ora alucinante do quotidiano de quem cobre as notícias de polícia na capital paulista .
cobrir	Não é pop desde logo , porque os arranjos remetem para um tipo de banda sonora jazzística-minimal , à base de guitarra acústica e baixo duplo , ocasionalmente reforçados por acordeão , sax e teclados , mas sobretudo , porque a voz de Rickie assume um estilo de devaneio vocal que desconjunta a forma original das canções , fazendo dos títulos que cobre matéria de uma linguagem de onírica indisciplina .
cobrir	O primeiro-ministro italiano , Massimo D. Alema , anunciou ontem a composição do seu Governo , que cobre um arco político que vai dos Comunistas Italianos , de Armando Cossutta , aos democratas-cristãos da União Democrática para República (UDR , centro-direita) , o mais amplo de sempre em Itália .
cobrir#	O Comité Veterinário vai pronunciar-se hoje cobre o assunto , mas a toda-poderosa Alemanha já manifestou a sua oposição a qualquer decisão naquele sentido .
cobrir	E dizem que não , mesmo quando a secretária de Estado acena com os números do abandono escolar e chama hipócrita a um sistema que , sem nunca deixar de venerar as diferenças , não consegue lidar com elas , tão abafadas estão debaixo do manto da igualdade que cobre todas as crianças em idade escolar .
cobrir	As ondas de choque do sismo de ontem fizeram-se sentir numa vasta região que cobre o Leste , Sul e Centro do Irão .
cobrir	Até porque hoje existe « um mercado comum que cobre toda a geografia peninsular » , onde as trocas comerciais ou a cooperação industrial devem ser uma realidade , advogou Sampaio .
cobrir	Rui Vilar sorri : são muitas as recordações , intensa a actividade que aí desenvolveu , real a sombra de nostalgia que lhe cobre as palavras .
cobrir	A colheita do girassol , que cobre este ano uma área que em todo o país ultrapassa os 90 mil hectares , está na fase final , mas não se estranhe se uma boa parte das culturas ficar no terreno .
cobrir?#	O nº 18 cobre os Assim , nesta perspectiva , na qual a educação é analisada em um contexto mais amplo meses de agosto a novembro .
cobrir	Vejamos : Borje Holmberg em 1977, afirmou que « o termo educação a distância cobre as diferentes formas de estudo em todos os níveis que não se encontram sob a contínua e imediata supervisão dos tutores presentes com seus estudantes em sala de aula , mas sem dúvida , se beneficiam do planejamento , guia e seguimento de uma organização tutorial » .
cobrir	Atendo-nos agora ao exame do adjunto « pelo prazo de cinco anos » , verificaremos que êle atinge diretamente a expressão « terão direito de opção » e a cobre por inteiro e não um dos seus elementos apenas .
cobrir	Desenvolver estas competências é o desafio da escola de Ensino Mé-dio , que , até aqui , cobre pequena parcela da população , na faixa etária pró-pria para esse grau de ensino , e mantém postura tradicional e distanciada das mudanças sociais .
cobrir	Que importa termos visto pela primeira vez a luz nesta ou noutra de suas províncias , se é o mesmo céu brasileiro que nos cobre , o nosso verdejante solo que pisamos , e se o mesmo interesse comum nos reúne e fraterniza ?
cobrir	A anuidade escolar cobre não só o custo do ensino e a quota de investimentos , mas também as despesas de matrículas , a primeira via da caderneta escolar , o material de ensino para uso didático obrigatório coletivo , bem como o destinado a exame , excluídas apenas as despesas de transporte escolar , as de alimentação , as de internato e as de atividades extraclasse livres e serviços facultativos .
cobrir	Nem sempre o Conselho registra o estado em que trabalha e reside o químico : é o que ocorre nas II , III e IV regiões , sendo que nesta última , por isto que só cobre praticamente o estado de São Paulo , foi possível computar este estado isoladamente .
cobrir	A Tele Norte cobre os Estados do Amazonas , Roraima , Pará , Amapá e Maranhão .
cobrir	A conjuntivite é uma inflamação da conjuntiva , ou seja , do tecido que cobre a parte interior das pálpebras (veja quadro abaixo) .
cobrir	Para o bem e para o mal , ele se transformou num jogador tático que cobre o lateral , compõe o meio-campo e se livra da bola o mais rápido possível , para que o time continue com ela em seu poder .
cobrir	Em ambos , o barulho das fãs histéricas cobre as músicas .
cobrir	O seguro da BCP cobre roubo , furto qualificado e , de 15 de março para cá , também desemprego , incapacidade física temporária (para profissionais liberais e autônomos) e acidentes pessoais .
cobrir	Entre as 120 modalidades arroladas pelo pesquisador constam algumas desconhecidas até para quem cobre esportes há algum tempo , como go , kenpo , lacrosse e luge .
cobrir	A maioria das companhias cobre esse tipo de dano , mas há aquelas que excluem essas situações » , diz Hélio Cyrillo , da Selecta Seguros .
cobrir	Grande SP Tem Menos Furtos E.oubos De Veículos EM 95 02/08/95 Grande SP Tem Menos Furtos E.oubos De Veículos EM 95 1º semestre de 94 -- 55.851 1º semestre de 95 -- 44.03 Inverno quente agrava poluição 02/08/95 Névoa cobre São Paulo , vista a partir do Centro Empresarial , na avenida Nações Unidas ; Luciano Pinto descansa no Ibirapuera , em São Paulo , onde a temperatura chegou a 26,8° C.nverno quente agrava poluição Cetesb pode restringir acesso de carros ao centro ; atendimento de problemas respiratórios cresce 40% Da Reportagem Local Este inverno quente.
cobrir	Muitas pessoas , surpresas , acabaram ligando para o 78º DP , que cobre a região , e para a empresa dona do painel para saber o que estava acontecendo .
cobrir	Acidentes rodoviários na neve matam 3 na Costa Leste dos EUA 13/01/96 Neve cobre monumento em memória a veteranos da Guerra da Coréia , em Washington Acidentes rodoviários na neve matam 3 na Costa Leste dos EUA DANIELA Falcão De Nova York A.rente fria que atingiu ontem a Costa Leste dos EUA trouxe neve e chuva e mataram pelo menos três pessoas em acidentes rodoviários .
cobrir	Vestidinho transparente , de florzinha e meio solto , cobre tudo » , diz.
cobrir	Comissão técnica , jogadores e mesmo imprensa que cobre a seleção parecem enclausurados em um mundo autônomo , como se a Olimpíada estivesse acontecendo num outro país .
cobrir	A apólice da seguradora CNA cobre despesas relacionadas à empresa do ex-atleta .
cobrir	Passe , de cima para baixo , a ponta mais larga por dentro da tira horizontal que cobre o nó .
cobrir	Ele cobre ansiedades como se cobria no tempo em que o cinema nasceu e a humanidade imigrava perplexa para fazer Américas particulares .
cobrir	Agora , esvaziou quase todas as salas para uma exposição intitulada « Modern Starts People Places Things » , que cobre o período de 1880 a 1920 .
cobrir	Pior , sobram indícios de que , para consolidar a maioria , o governo sucumbirá à tentação de recorrer ao lamentável « é dando que se recebe » , uma fraseologia que apenas cobre de uma pátina poético-religiosa o mais cru fisiologismo .
cobrir	Atualmente , a produção do sítio , que não inclui os cereais , cobre cerca de 20% da demanda total do restaurante.
cobrir	O governo só cobre o rombo do FCVS , responsável pelo « resíduo » de contratos .
cobrir	A American Auto vende o brake-light Neon , para todos os veículos (cobre quase toda a área do vidro traseiro) , disponível nas cores azul , roxo , rosa e verde (R$ 80) .o brake-light é acionado simultaneamente à luz de freio .
n-é-verbo	O problema é que , nesses três países , os capitais de fora escolheram o setor primário , mineração (cobre , carvão) e petróleo .
cobrir	Levantamento realizado pela Folha no 16º Distrito Policial , que cobre a área da Vila Mariana (zona sudoeste) , constatou que quase um sexto dos roubos consumados na região nos primeiros nove dias de setembro foram praticados com o uso de motos.
cobrir	e os colegas apresentaram a obra : « Os Fantasmas de Curitiba -- Uma Expedição pela Cidadania » , que cobre prostituição , vida em favelas , crianças de rua , entre outros temas.
cobrir	Para que o preço dos combustíveis seja uniforme em algumas regiões do país , a Petrobrás cobre parte dos custos das distribuidoras com o transporte .
cobrir	O plano ambulatorial cobre todas as clínicas e exames necessários ao diagnóstico , mas não garante atendimento de emergência .
cobrir	O plano hospitalar cobre todas as especialidades médicas e garante internação e UTI por prazo ilimitado , além das intervenções cirúrgicas e exames .
cobrar	Ou seja , não é que se cobre um juro maior para emprestar a quem eventualmente enfrenta problemas de caixa .
cobrir	É uma espécie de caixa de aço (foto) , instalada no assoalho , que cobre os três pedais do veículo .
cobrar	Organize eventos na sua escola , clube ou igreja e cobre como ingresso um quilo de alimento .
cobrar	Não há , por exemplo , nenhum banco brasileiro que cobre R$ 20,11 por um talão de cheques o custo total do talão segundo o cálculo da Febraban .
cobrir	O segundo fascículo , que circula na segunda , cobre as três edições seguintes do evento , já destacando a estréia brasileira nos Jogos de Antuérpia , em 1920 .
cobrir	A presença dos irmãos na floresta que cobre a montanha foi descoberta anteontem à tarde .
cobrar	Basta que se cobre desses estabelecimentos a criação de áreas distintas para fumantes e não fumantes , com ventilação e metragem suficientes para que a separação seja efetiva .
n-é-verbo	A medalha tem uma composição que envolve estanho , mercúrio e cobre , elementos tóxicos .
cobrir	A velocidade da decadência no fornecimento de luz e energia pela Light , que cobre parte do Estado do Rio e parte de São Paulo , e pela área fluminense da Cerj é mais do que escandalosa : é criminosa .
cobrir	Negar a indenização é comum , diz Procon ; no caso de roubo , é preciso apresentar notas fiscais para ressarcimento Seguro residencial nem sempre cobre tudo Da Reportagem Local Quem já teve o carro roubado sabe que a seguradora pode tardar , mas dificilmente falha .
cobrir	O primeiro corte é para abrir o prepúcio (pele que cobre a cabeça do pênis) .
cobrir	O plano mínimo hospitalar cobre internações em enfermaria e UTI sem limite de tempo .
cobrir	Melhor dizendo , num tom mais para o hibernal , dominado pelas águas agitadas do lago , pela neve que cobre a paisagem branca e não pára de cair .
cobrir	O sutiã cobre o mínimo indispensável.
n-é-verbo	Quanto aos canos , troque-os por PVC (água fria) e cobre (água quente) .
cobrir	Eram os favoritos à compra da Tele Centro Sul , empresa de telefonia fixa que cobre os Estados de Santa Catarina e Paraná e todo o Centro-Oeste .
cobrir	Importado Experience Nesta autobiografia « parcial » , que cobre apenas os anos de 1993 a 95, o escritor inglês Martins Amis , autor de « A.nformação » e « Trem Noturno » , traça um retrato ao mesmo tempo trágico e cômico de si próprio , enfoca obsessivamente as mesmas passagens de sua vida , como o divórcio e a separação dos filhos .
cobrir	Seu linhagem é honrosa , mas o território que ele cobre é o lixão da psique humana.
n-é-verbo	O estilista elegeu o rosa-shocking como cor principal , mas havia também muito roxo , cobre e dourado .
cobrar	Como explicar que um médico homeopata cobre , por uma consulta de dez minutos , R$ 100,00 ?
cobrar	É um absurdo que se cobre por um serviço não utilizado.
cobrir	O diretor-executivo da Mesbla , Leonardo Brunet , informou que está mandando hoje a proposta a todos os bancos credores e que ela « cobre essa questão » .
cobrir	A terceira parte que vai de 1930 a 1943, cobre o período em que o escritor se casou com Pagu (Patricia Galvão) e com o Partido Comunista .
cobrir	Márcio Cândido da Silva , coordenador regional do Sindicato dos Trabalhadores em Telecomunicações de Minas Gerais (Juiz de Fora , MG) " É de dar o que falar o rico ufanismo com que a imprensa nacional cobre a privatização das telecomunicações .
cobrir	Uma tapeçaria francesa do século 16, que cobre toda uma parede , é o ponto alto da coleção .
cobrir	Entre as deficiências da região está um sistema de radar que cobre somente os aeroportos das cidades grandes e é praticamente inexistente em grandes áreas da floresta amazônica e em cadeias montanhosas .
cobrir	O problema é que essa coletânea cobre apenas a década de 90 .
cobrar	O TCM (Tribunal de Contas do Município) determinou que a prefeitura cobre cerca de R$ 18 milhões das empreiteiras CBPO e Constran , que fizeram o túnel .
cobrir	Imagens Visualmente , o show é baseado na projeção de diferentes imagens de Bowie e de uma mulher loira numa tela quase transparente que cobre toda a frente do palco .
n-é-verbo	A estilista Sônia Maalouli usa a obra do italiano Tintoretto (1518-1594) também como fonte de inspiração nas cores : cobre , azul e vermelho .
cobrir	Também cobre as taxas ad ministrativas .
cobrir	O metrô de Nova York cobre 1.142 km da cidade e tem 469 estações.
cobrir	O segundo destino dos investimentos irá para melhoria na fábrica e na produção de eucaliptos , que cobre uma área de 300 mil hectares .
cobrir	Assim como eles exigem que um estádio tenha um bom gramado , deveriam se preocupar com a integridade física de quem cobre esses eventos .
cobrir	P1 pega o pano de B1 e cobre o rosto de B2, chamando seu nome .
cobrir	Terceiro par de valvas , em vista lateral , de aproximadamente mesmo comprimento do primeiro par de valvas , formando uma espécie de bainha que cobre os dois primeiros pares de valvas , na margem ventral , tendo a mesma estrutura do pigóforo .
cobrir	Essa distribuição dos registros cobre , de certa forma , toda a trajetória de crescimento até os 13 meses de idade .
n-é-verbo	Deficiências de fósforo , cobre e cobalto em pastagens do município de Morrinhos , Goiás .
cobrir	Esta reimpressão que cobre a época áurea de La Lumière (1851- 1860) , mereceu uma longa e notável « Apresentação » (vol. 9-32) de Gilbert Beaugé .
cobrir	A taxa de 10 a 15% de cesárea , definida pela OMS , cobre todas as indicações médicas , sendo que , pelo menos metade das 924.408 cesáreas , equivalentes à taxa de 32,4% e financiadas pelo Instituto Nacional de Assistência Médica da Previdência Social -- Inamps , em 1994, seriam desnecessárias19) .
cobrir	Ela se fixa nas práticas que performam o mundo , associando os humanos e os não humanos , em um tecido sem costura e sem fim que cobre o mundo .
n-é-verbo	Materiais estes selecionados em função íon cobre foram aqueles submetidos às mesmas condições de tratamento , tanto para o Em , quanto para a SG .
n-é-verbo	Dessa forma , os ensaios de absorção de íon cobre são do tipo não-eletrostática , ou adsorção específica .
cobrir	escova os dentes , não precisa mandar , assiste à TV , desliga a TV , vai pra cama , se cobre sozinho , não sai do banheiro sem se enrolar na toalha , se veste sozinho ...
cobrir	Responsividade focaliza apenas os aspectos não-médicos , ou seja , não diretamente relacionados ao estado de saúde , ao passo que satisfação do paciente cobre geralmente os aspectos médicos e não-médicos do cuidado .
n-é-verbo	Os termopares do tipo « T. (cobre X.onstantin) foram construídos através da união de ambos os termoelementos , utilizando-se um equipamento de solda elétrica .
n-é-verbo	Palavras-chave : aguardente de cana-de-açúcar ; cobre ; absorção ; sílica modificada ; espectrometria de absorção atômica .
n-é-verbo	A tina de mosturação e o tanque de fermentação e maturação são de aço inoxidável , devendo-se ressaltar que o tanque de maturação possui cobre na parte externa .
n-é-verbo	No Laboratório de Produtos Florestais dos Estados Unidos , o fungo Poria monticola (Postia+Unidos placenta) é empregado para avaliar a resistência da madeira tratada com produtos preservativos que contenham cobre em sua formulação (AMERICAN SOCIETY For TESTING And Materials -- ASTM D.- 1413, 1994) .
n-é-verbo	Após a secagem , retiraram-se discos de ± 2,0 cm de espessura nas posições 2, 3 e 5 (região de afloramento em peças instaladas em cercas , meio do comprimento e topo das peças , respectivamente) Para a penetração dos elementos cobre e boro , foram seguidas as recomendações da norma P-MB-790 da Associação Brasileira de Normas Técnicas -- ABNT (1973 b) , com algumas modificações sugeridas por Wehr (1985) e Paes (1991) .
cobrir	Na atmosfera , a elevação é ínfima e lenta , o que permite às plantas alterações de desempenho e até adaptações genéticas para altas produções em tais ambientes O.apel da hidrosfera no mecanismo de absorção de CO2atmosférico é vital , pois esta cobre sete décimos da superfície da terra .
cobrir	As comunidades vegetais associadas ao interflúvio somam 83,7% da reserva , enquanto a vegetação associada às áreas dissecadas , como o campo limpo e as matas de galeria , cobre a área restante , ou 16,3% do total .
cobrir	Portanto , o universo de 100 mil famílias delineado com base na linha de R$ 60,00 cobre , na verdade , a população indigente da capital , cujo déficit de renda de tão acentuado as coloca em situação de risco alimentar .
cobrir	A interdição vai contra uma batina católica , um quipá ou um véu que cobre o pescoço e todo o cabelo da cabeça das mulheres , até a raiz , só deixando a face de fora .
cobrir	Resultados E.iscussão A.ipologia florestal que cobre esta topossequência é de Floresta Ombrófila Densa Submontana .
cobrir	Indicam , finalmente , que o tempo de aprendizagem do trabalho não se limita à duração da vida profissional , mas cobre também a existência pessoal dos professores , os quais , de um certo modo , aprenderam seu ofício antes de iniciá-lo .
cobrir	O dossiê que cobre a maior parte do número contempla a condição do negro no Brasil .
cobrir	Grandes campos inativos de dunas foram descobertos na região norte-central da Amazônia ; essa área , o « Pantanal do Norte » , cobre uma superfície de alguns milhares de quilômetros quadrados entre os rios Branco e Negro , que é chamada localmente de caatinga amazônica .
cobrir	Assim , o bacharelado de Linguística , constituído de cursos , inicialmente anuais , posteriormente semestrais , designados pelos algarismos romanos de I. IV e , depois , de I. VIII , cobre disciplinas como a Linguística Indo-Européia , a Linguística Geral , a Lexicologia , a Semântica e a Fonética .
cobrir	repetição , a rede ou o magistério da ciência cobre o âmbito do empírico : do que o Universo é feito (fato) e por que ele funciona desta maneira (teoria) .
cobrir	A base cobre sete mil publicações seriadas , incluindo artigos de revistas , trabalhos publicados em eventos , relatórios técnicos e toda publicação sobre nomenclatura e taxonomia .
cobrir	Minha análise cobre 45 das 48 pinturas reproduzidas no livro .
cobrir	Embora o ISSP contenha dados mais ricos sobre opiniões relevantes , o WVS cobre um grupo maior e mais diversificado de países , e inclui cerca de 60 nações , a maioria do mundo desenvolvido , mas também vários países de média e baixa renda .
cobrir	Outro problema em relação ao resultado cosmético se refere ao tamanho da incisão , uma vez que , nos casos em que há um excesso de pele associado ao parênquima mamário ectópico , se faz necessária a ressecção de parte da pele que cobre o tecido ectópico .
cobrir	A palavra antropotecnia , em sua extensão ampla , cobre o registro do conjunto de técnicas de gestão do corpo social .
cobrir	Essas bases foram : MEDLINE2, e LILACS3 que cobrem principalmente o campo das ciências da saúde ; Life Sciences Collection4, que cobre principalmente a produção em ciências biológicas básicas ; e Food Science Tecnology Abstracts5, que tem principalmente publicações no campo da toxicologia de alimentos .
cobrir	Cabe a nós desvendar o véu que a cobre no cinema .
cobrir	Apenas os alicerces estão visíveis na vegetação que cobre o sítio .
cobrir	No caso de um litígio , ele somente cobre partes do problema .
cobrir	O panal é o que a gente cobre o pão quando fica na masseira Inq .
cobrir	Um programa híbrido CAD/SIG cobre geralmente funções de SIG no programa de CAD , dando aos usuários o melhor dos dois mundos .
cobrir	É impossível que consiga ver cada nódulo em seu tronco , todo o musgo que cobre seus galhos ; a Velha Figueira é excessiva , como cada objeto singular do mundo .
cobrir	O vulcanismo do tipo fissural que cobre o sul do Brasil se prolonga ocupando também partes do Paraguai , Argentina e Uruguai totalizando aproximadamente 1.400.000 km2, sendo 1.100.000 km2 no Brasil .
n-é-verbo	Essas análises correspondem aos teores de densidade relativa , cobre , extrato seco , grau alcoólico real , acidez volátil em ácido acético , álcoois superiores , aldeídos em aldeído acético , ésteres em acetato de etila e metanol (Brasil , 1997) .
cobrar	A questão que cabe levantar diz respeito à autoridade que deve ­ ou deveria ­ existir para que se cobre das empresas uma responsabilidade social .
cobrir	Resumo O.resente trabalho analisa a revista Cinearte (1926-1942) , cuja existência cobre um momento original e estratégico do debate sobre o cinema no Brasil .
cobrir	Ela cobre todas as áreas de ação , desde o desenvolvimento econômico até a educação ou a religião e nelas determina os critérios fundamentais que devem ser levados em conta .
cobrir	Os traços de identificação essenciais do quelônio são comuns a subtradição Seridó e a subtradição Várzea Grande , cabeça pequena , carapaça que cobre o corpo e pernas curtas tubulares .
cobrir	Porém , pela imagem , é possível constatar que se trata de uma negra e levantar algumas hipóteses a respeito de sua condição social : os elementos do vestuário e mobiliário -- como a colcha , a cama com dossel e o pano vermelho que a cobre -- indicam uma certa ostentação e riqueza .
cobrir	O aroma de urucum predomina nesse espaço , oriundo da pintura corporal e facial da menina-moça , que a cobre totalmente , como uma veste .
cobrir	A discografia aqui apresentada cobre apenas a obra básica do Clube da Esquina no período estudado , relacionando os discos cujas músicas foram expressamente citadas na dissertação .
cobrir	Já para Rud (2001) , mineração de dados é um termo que cobre uma vasta gama de técnicas utilizadas pelas mais variadas indústrias .
cobrir	Dados consistentes com Peters et al. (1982) , os quais usando microscopia eletrônica de varredura mostraram que a aderência dos estafilococos a superfície de cateteres foi seguida de uma proliferação própria e de produção de slime , material que cobre a colônia bacteriana .
cobrir	O panal é o que a gente cobre o pão quando fica na masseira .
cobrir	Segundo as definições de Sugden e John (1991) e Simões (2004) , essa feição glacial cobre extensas áreas com superfícies planas ou onduladas , com espessura insuficiente para encobrir a topografia , mas a morfologia superficial ainda é fortemente controlada pelo embasamento .
cobrir	Ela em um gesto ritualístico retira sua manta e com ela cobre Guilgamesh.
cobrir	Tem sido demonstrado que a utilização de movimentos passivos e ativos da coluna lombar garantem nutrição da cartilagem que cobre a superfície articular zigapofisária tão bem como a nutrição dos discos intervertebrais .
cobrir	O chamado pólo florestal , localizado numa ampla zona que cobre parte central e setentrional do estado , abrangendo um total de 1900 empresas do ramo madeireiro , 117 fábricas de papel e papelão e 1180 indústrias de móveis.
cobrir	No caso da gura , o pico central cobre cerca de 1% do espaço de busca .
cobrir	O teórico destaca a presença do fantástico nesse processo inovador , já que tal vertente cobre muitas variantes que buscam revelar uma inquietação diante das certezas do mundo cotidiano .
n-é-verbo	Sistemas de Cabos Corning oferece um amplo conjunto de produtos em fibra óptica e cobre para redes por cabos .
cobrir	O termo « produto médico » ou « dispositivo médico » ou « produto para a saúde » cobre uma vasta gama de equipamentos , desde abaixadores de língua até máquinas de hemodiálise .
cobrir	O banco conta com extensa Rede de Auto-Atendimento Bradesco (BDN ­ Bradesco Dia e Noite , Drive-Thru Bradesco e Terminais de Saque Expresso) que , com 3.500 pontos cobre toda a extensa geografia brasileira .
cobrir	Os elementos fundamentais da existência , ao passo que saRprajanya cobre um domínio semelhante , mas com ênfase maior na con Filos .
cobrir	Os pacotes de serviços oferecidos são detalhados a seguir : -- Serviços de Mão-de-Obra : Nesta modalidade , o cliente paga uma mensalidade que cobre apenas os serviços de mão-de-obra para reparo dos equipamentos .
n-é-verbo	A adição de selênio em metais e ligas , como aço , cobre , níquel-ferro , cobaltoferro , altera as propriedades de fundição e propriedades mecânicas dos metais .
n-é-verbo	o caráter descontraído e informal dos espaços públicos ; não por acaso que o tom coloquial por vezes excedia as regras gramaticais , concedendo um caráter caricatural às letras musicais : « Tá tudo caro , O.ovo véve muito pobre , Pois ninguém pissue os cobre , Nada pode se comprá !
cobrir	A Reserva cobre uma área de 1.124.000 ha de várzea entre os rios Japurá , Solimões e canal Auati-paranã (figura 1) , e é a maior reserva existente dedicada exclusivamente a proteger a várzea amazônica .
cobrir	Valeriano et al. (2004) , sugere a possibilidade de que a localização de alguns destes importantes terrenos estarem de baixo do Grupo Bambuí , que cobre quase toda a porção sul do Cráton São Francisco .
cobrir	Em todas as causas get-empty-pgtable () é chamada primeiro para assegurar a existência de uma page table que cobre o endereço falatando .
cobrir	Um avental de plástico , também branco , cobre sua barriga .
cobrir	Wellington cobre o rosto com a mão sufocando uma grande dor .
cobrir	Em Genet , a roupa com que se cobre o corpo é importantíssima .
cobrir	Período ­ Este é o quinto Relatório Social produzido pela Microsoft Brasil e cobre o ano de 2007 .
cobrir	Quando na família existirem pessoas associadas a plano de saúde diferentes , registre o nome daquele que cobre o maior número de indivíduos .
n-é-verbo	Radiotelegrafista Radiotelegrafista é o rádio-operador que opera estação de radiocomunicações e trafega informações pela mesma na forma de dados , fonia , telemática e Código Morse por meio de ondas rádio-elétricas (RF) , por meio físico (cobre ou fibra ótica) e por Luzesfarol ou farolete) .
cobrir	Na época da cheia do rio Amazonas , que cobre o lago de Puraquequara e vai de janeiro a julho , a comunidade recebe cerca de cinco mil turistas semanalmente .
cobrir	São muito solitários e poderosos , sempre usam uma armadura ultratecnologicas que cobre todo o corpo (alguns cojecturam que não são nem humanoides) .
cobrir	Uma das grandes inovações do Idea foi a utilização de vidros laminados nas portas , e um sensor de estacionamento , e até equipamentos inéditos como o teto solar « Skydome » (opcional) que cobre 70% da capota Como pretendia conquistar 30% do total de vendas , a empresa italiana apostou forte no desenvolvimento do idea no Brasil , o projeto consolidado em apenas 36 meses com um investimento de 500 milhões .
cobrir	O JDeveloper cobre todo o ciclo de desenvolvimento desde a análise até a codificação , a manutenção , a otimização e a implantação .
cobrir	Urano torna-se o esposo de Gaia e a cobre por todos os lados .
cobrir	O dialeto Priangan , que cobre a maior parte de Sunda , é o principal dialeto da língua sundanesa e o ensinado nas escolas dessa ilha .
cobrir	Além do trabalho para a editora , também cobre eventos para assessoria de imprensa de vários artistas , como Zezé di Camargo e Luciano , Wanessa Camargo , Chitãozinho e Xororó etc .
cobrir	Publicado em 5 de junho de 1917, começa com o desaparecimento da Princesa Ozma , governante de Oz , e cobre os esforços de Dorothy e do Mágico de Oz para encontrá-la .
cobrir	O filme cobre , principalmente , o jogo da Seigaku contra a Hyotei .
cobrir	A TV Bahia cobre a Região Metropolitana de Salvador e mais 221 municípios , alcançando aproximadamente 1,4 milhões de domicílios (cerca de 5,7 milhões de telespectadores) .
cobrir	A TV que tem você Afiliações Rede Globo Cobertura 318 municípios do Estado de São Paulo Sedes principais Bauru Itapetininga São José do Rio Preto Sorocaba Página oficial tvtem .globo .com A.V Tem é uma rede regional de televisão brasileira afiliada à Rede Globo que cobre 318 municípios do estado de São Paulo , com quatro emissoras de televisão (São José do Rio Preto , Bauru , Itapetininga e Sorocaba) .
cobrir	Aproximadamente 36 mil estudantes estudam anualmente na universidade , que cobre uma área de 1,2 km2 .
cobrir	O sensor cobre um ângulo de +55 graus e pode ser apontado pelo radar e IRST , mas não é usado com o HMS .
cobrir	Essa correspondência cobre o período entre 1887 e 1902 .
cobrir	Desse sacrifício de comunhão , oferta preparada no fogo , ele trará ao Senhor toda a gordura que cobre as vísceras e está ligada a elas.
cobrir	Os dois rins com a gordura que os cobre e que está perto dos lombos , e o lóbulo do fígado , que ele removerá junto com os rins .
cobrar	Aquele que cobre uma ofensa promove amor , mas quem a lança em rosto separa bons amigos .
cobrir	« Eu odeio o divórcio » , diz o Senhor , o Deus de Israel , « e também odeio homem que se cobre de violência » , diz o Senhor dos Exércitos .
cobrir	« Eu odeio o divórcio » , diz o Senhor , o Deus de Israel , « e também odeio homem que usa a violência como se cobre de roupas » , diz o Senhor dos Exércitos .
cobrar	Me cobre isso !
cobrar	Vocês têm um instrumento para cobrar o governo e o governo tem um instrumento para cobrar à própria sociedade , para que ela cobre do Governo as coisas que acordamos , depois do debate que fizemos .
cobrir	O vento não conseguiu dissipar a fumaça que cobre todo o Estado de Roraima e a situação tende a piorar por causa das queimadas na Venezuela e Guiana .
cobrir	Aproveito o momento , Sr. Presidente , para enumerar os programas que vêm sendo executados pela Pró-Reitoria de Extensão , da Universidade Estadual do Ceará , e que têm apresentado excelentes resultados na expansão educacional do meu Estado :o Alfabetização Solidária , que cobre 38 Municípios , conta com 440 alfabetizadores e 11 mil alfabetizandos ; o Programa Nacional de Educação na Reforma Agrária envolve 37 Municípios , absorvendo 266 professores , 37 coordenadores e 5.320 alunos ; o Educação Profissional Contextualizada atinge 46 cidades , movimentando 1.086 alfabetizadores e 26 mil alfabetizandos .
cobrir	Lucro obtido agora cobre o prejuízo tido no passado .
cobrir	A vegetação de preservação permanente é aquela que margeia os rios , lagos e nascentes , bem como aquela que cobre o topo dos morros , as encostas íngremes , as bordas dos tabuleiros .
cobrir	Aproveito a oportunidade para ratificar ofício que apresentei a esta Casa na tarde de ontem , manifestando um voto de congratulações ao Jornal do Trem , da cidade de Osasco e que cobre toda a região oeste do Estado .
cobrir	Assim , os pecuaristas sul-mato-grossenses passam a dispor de um bom número de frigoríficos que cobre todo o Estado .
cobrir	Cada um de nós pode , em seu Estado , em sua cidade , tirar da lembrança um militante que deu tudo de si para levar aos humilhados e ofendidos , aos que estavam impedidos de falar , pela repressão ou pelo medo , uma palavra que , além de carinhosa , era de estímulo e de empolgação , como que para levar a certeza a cada um de que atrás de nuvem que nos cobre de sombra o sol brilha com todo fulgor e de que , portanto , é necessário seguir lutando , para que sejamos dignos dessa luz e desse calor .
cobrir#	Com 108 emissoras afiliadas , cobre e é ouvida em todo o Brasil .
cobrir	A ANS também não foi citada , embora cobre apenas 10% das multas aplicadas contra os planos .
cobrir	O recepcionista do hospital explica que o Sistema único de Saúde (Sus) cobre os custos com o parto , mas não a laqueadura.
cobrir	Além do privilégio das paisagens naturais , Urubici é também uma das cidades mais frias do País , o que a torna ainda mais bela , pois , no inverno , é comum ocorrer fortes geadas e a neve cobre de branco esse cartão postal .
cobrir	Cobre o mundo de vergonha por permitir que seus jovens matem e sejam mortos numa guerra insana , sem bandeiras .
